<?xml version="1.0" encoding="UTF-8"?>
<!-- Generated by org.testng.reporters.JUnitReportReporter -->
<testsuite hostname="DESKTOP-JEHD42D" failures="0" tests="1" name="autoprojectguru99.Day9" time="23.126" errors="0" timestamp="2022-10-16T11:53:03 IST" skipped="0">
  <testcase classname="autoprojectguru99.Day9" name="DiscountCoupon" time="23.126"/>
  <system-out/>
</testsuite> <!-- autoprojectguru99.Day9 -->
