<?xml version="1.0" encoding="UTF-8"?>
<!-- Generated by org.testng.reporters.JUnitReportReporter -->
<testsuite hostname="DESKTOP-JEHD42D" failures="0" tests="1" name="autoprojectguru99.Day10" time="13.769" errors="0" timestamp="2022-10-16T13:05:33 IST" skipped="0">
  <testcase classname="autoprojectguru99.Day10" name="Emails" time="13.769"/>
  <system-out/>
</testsuite> <!-- autoprojectguru99.Day10 -->
